
#### PERFORMANCE METRICS
Base: 3200 | Boundary: 3000 | Strategy: random
================================================================================================

## RANDOM
---------

# LOCAL INSERTIONS
-----------------------------------------------------------------------------------------------
| # of Operations | Total Execute Time | Avg. Operation Time | Avg. ID Length | Avg. Position |
|                 |  (in milliseconds) |  (in milliseconds)  |                |    Length     |
-----------------------------------------------------------------------------------------------

|       10        |         1          |         0.1         |       3        |       1       |
-----------------------------------------------------------------------------------------------
|       100       |         1          |        0.01         |       3        |       1       |
-----------------------------------------------------------------------------------------------
|      1000       |         3          |        0.003        |       6        |       2       |
-----------------------------------------------------------------------------------------------
|      10000      |         35         |       0.0035        |       8        |       2       |
-----------------------------------------------------------------------------------------------
|     100000      |       22683        |       0.22683       |       10       |       3       |
-----------------------------------------------------------------------------------------------

# LOCAL DELETIONS
--------------------------------------------------------------
| # of Operations | Total Execute Time | Avg. Operation Time |
|                 |  (in milliseconds) |  (in milliseconds)  |
--------------------------------------------------------------
|       10        |         1          |         0.1         |
--------------------------------------------------------------
|       100       |         0          |          0          |
--------------------------------------------------------------
|      1000       |         0          |          0          |
--------------------------------------------------------------
|      10000      |         40         |        0.004        |
--------------------------------------------------------------
|     100000      |        5950        |       0.0595        |
--------------------------------------------------------------

# REMOTE INSERTIONS
--------------------------------------------------------------
| # of Operations | Total Execute Time | Avg. Operation Time |
|                 |  (in milliseconds) |  (in milliseconds)  |
--------------------------------------------------------------
|       10        |         1          |         0.1         |
--------------------------------------------------------------
|       100       |         0          |          0          |
--------------------------------------------------------------
|      1000       |         6          |        0.006        |
--------------------------------------------------------------
|      10000      |         28         |       0.0028        |
--------------------------------------------------------------
|     100000      |        3909        |       0.03909       |
--------------------------------------------------------------

# REMOTE DELETIONS
--------------------------------------------------------------
| # of Operations | Total Execute Time | Avg. Operation Time |
|                 |  (in milliseconds) |  (in milliseconds)  |
--------------------------------------------------------------
|       10        |         0          |          0          |
--------------------------------------------------------------
|       100       |         0          |          0          |
--------------------------------------------------------------
|      1000       |         3          |        0.003        |
--------------------------------------------------------------
|      10000      |         52         |       0.0052        |
--------------------------------------------------------------
|     100000      |        6651        |       0.06651       |
--------------------------------------------------------------


## AT THE BEGINNING
-------------------

# LOCAL INSERTIONS
-----------------------------------------------------------------------------------------------
| # of Operations | Total Execute Time | Avg. Operation Time | Avg. ID Length | Avg. Position |
|                 |  (in milliseconds) |  (in milliseconds)  |                |    Length     |
-----------------------------------------------------------------------------------------------
|       10        |         0          |          0          |       3        |       1       |
-----------------------------------------------------------------------------------------------
|       100       |         1          |        0.01         |       7        |       4       |
-----------------------------------------------------------------------------------------------
|      1000       |         5          |        0.005        |       12       |       8       |
-----------------------------------------------------------------------------------------------
|      10000      |        101         |       0.0101        |       19       |      12       |
-----------------------------------------------------------------------------------------------
|     100000      |       20896        |       0.20896       |       23       |      15       |
-----------------------------------------------------------------------------------------------

# LOCAL DELETIONS
--------------------------------------------------------------
| # of Operations | Total Execute Time | Avg. Operation Time |
|                 |  (in milliseconds) |  (in milliseconds)  |
--------------------------------------------------------------
|       10        |         0          |          0          |
--------------------------------------------------------------
|       100       |         0          |          0          |
--------------------------------------------------------------
|      1000       |         0          |          0          |
--------------------------------------------------------------
|      10000      |         5          |       0.0005        |
--------------------------------------------------------------
|     100000      |        9996        |       0.09996       |
--------------------------------------------------------------

# REMOTE INSERTIONS
--------------------------------------------------------------
| # of Operations | Total Execute Time | Avg. Operation Time |
|                 |  (in milliseconds) |  (in milliseconds)  |
--------------------------------------------------------------
|       10        |         0          |          0          |
--------------------------------------------------------------
|       100       |         0          |          0          |
--------------------------------------------------------------
|      1000       |         1          |        0.001        |
--------------------------------------------------------------
|      10000      |         27         |       0.0027        |
--------------------------------------------------------------
|     100000      |       11172        |       0.11172       |
--------------------------------------------------------------

# REMOTE DELETIONS
--------------------------------------------------------------
| # of Operations | Total Execute Time | Avg. Operation Time |
|                 |  (in milliseconds) |  (in milliseconds)  |
--------------------------------------------------------------
|       10        |         0          |          0          |
--------------------------------------------------------------
|       100       |         0          |          0          |
--------------------------------------------------------------
|      1000       |         1          |        0.001        |
--------------------------------------------------------------
|      10000      |         11         |       0.0011        |
--------------------------------------------------------------
|     100000      |       10728        |       0.10728       |
--------------------------------------------------------------


## AT THE END
-------------

# LOCAL INSERTIONS
-----------------------------------------------------------------------------------------------
| # of Operations | Total Execute Time | Avg. Operation Time | Avg. ID Length | Avg. Position |
|                 |  (in milliseconds) |  (in milliseconds)  |                |    Length     |
-----------------------------------------------------------------------------------------------
|       10        |         0          |          0          |       6        |       1       |
-----------------------------------------------------------------------------------------------
|       100       |         1          |        0.01         |       18       |       4       |
-----------------------------------------------------------------------------------------------
|      1000       |         3          |        0.003        |       51       |       9       |
-----------------------------------------------------------------------------------------------
|      10000      |         64         |       0.0064        |       65       |      11       |
-----------------------------------------------------------------------------------------------
|     100000      |        861         |       0.00861       |       93       |      15       |
-----------------------------------------------------------------------------------------------

# LOCAL DELETIONS
--------------------------------------------------------------
| # of Operations | Total Execute Time | Avg. Operation Time |
|                 |  (in milliseconds) |  (in milliseconds)  |
--------------------------------------------------------------
|       10        |         0          |          0          |
--------------------------------------------------------------
|       100       |         0          |          0          |
--------------------------------------------------------------
|      1000       |         0          |          0          |
--------------------------------------------------------------
|      10000      |         3          |       0.0003        |
--------------------------------------------------------------
|     100000      |         33         |       0.00033       |
--------------------------------------------------------------

# REMOTE INSERTIONS
--------------------------------------------------------------
| # of Operations | Total Execute Time | Avg. Operation Time |
|                 |  (in milliseconds) |  (in milliseconds)  |
--------------------------------------------------------------
|       10        |         0          |          0          |
--------------------------------------------------------------
|       100       |         0          |          0          |
--------------------------------------------------------------
|      1000       |         1          |        0.001        |
--------------------------------------------------------------
|      10000      |         12         |       0.0012        |
--------------------------------------------------------------
|     100000      |        1595        |       0.01595       |
--------------------------------------------------------------

# REMOTE DELETIONS
--------------------------------------------------------------
| # of Operations | Total Execute Time | Avg. Operation Time |
|                 |  (in milliseconds) |  (in milliseconds)  |
--------------------------------------------------------------
|       10        |         0          |          0          |
--------------------------------------------------------------
|       100       |         0          |          0          |
--------------------------------------------------------------
|      1000       |         1          |        0.001        |
--------------------------------------------------------------
|      10000      |         14         |       0.0014        |
--------------------------------------------------------------
|     100000      |        256         |       0.00256       |
--------------------------------------------------------------
