
#### PERFORMANCE METRICS
======================================================================================

## RANDOM
---------

# LOCAL INSERTIONS
-----------------------------------------------------------------------------------------------
| # of Operations | Total Execute Time | Avg. Operation Time | Avg. ID Length | Avg. Position |
|                 |  (in milliseconds) |  (in milliseconds)  |                |    Length     |
-----------------------------------------------------------------------------------------------
|       10        |         0          |          0          |       2        |       2       |
-----------------------------------------------------------------------------------------------
|       100       |         1          |        0.01         |       5        |       3       |
-----------------------------------------------------------------------------------------------
|      1000       |         7          |        0.007        |       6        |       4       |
-----------------------------------------------------------------------------------------------
|      10000      |         62         |       0.0062        |       8        |       5       |
-----------------------------------------------------------------------------------------------
|     100000      |       14432        |       0.14432       |       11       |       7       |
-----------------------------------------------------------------------------------------------

# LOCAL DELETIONS
--------------------------------------------------------------
| # of Operations | Total Execute Time | Avg. Operation Time |
|                 |  (in milliseconds) |  (in milliseconds)  |
--------------------------------------------------------------
|       10        |         0          |          0          |
--------------------------------------------------------------
|       100       |         0          |          0          |
--------------------------------------------------------------
|      1000       |         1          |        0.001        |
--------------------------------------------------------------
|      10000      |         40         |        0.004        |
--------------------------------------------------------------
|     100000      |        6454        |       0.06454       |
--------------------------------------------------------------

# REMOTE INSERTIONS
--------------------------------------------------------------
| # of Operations | Total Execute Time | Avg. Operation Time |
|                 |  (in milliseconds) |  (in milliseconds)  |
--------------------------------------------------------------
|       10        |         0          |          0          |
--------------------------------------------------------------
|       100       |         0          |          0          |
--------------------------------------------------------------
|      1000       |         7          |        0.007        |
--------------------------------------------------------------
|      10000      |         61         |       0.0061        |
--------------------------------------------------------------
|     100000      |       10976        |       0.10976       |
--------------------------------------------------------------

# REMOTE DELETIONS
--------------------------------------------------------------
| # of Operations | Total Execute Time | Avg. Operation Time |
|                 |  (in milliseconds) |  (in milliseconds)  |
--------------------------------------------------------------
|       10        |         0          |          0          |
--------------------------------------------------------------
|       100       |         0          |          0          |
--------------------------------------------------------------
|      1000       |         3          |        0.003        |
--------------------------------------------------------------
|      10000      |         69         |       0.0069        |
--------------------------------------------------------------
|     100000      |        6767        |       0.06767       |
--------------------------------------------------------------


## AT THE BEGINNING
-------------------

# LOCAL INSERTIONS
-----------------------------------------------------------------------------------------------
| # of Operations | Total Execute Time | Avg. Operation Time | Avg. ID Length | Avg. Position |
|                 |  (in milliseconds) |  (in milliseconds)  |                |    Length     |
-----------------------------------------------------------------------------------------------
|       10        |         0          |          0          |       3        |       2       |
-----------------------------------------------------------------------------------------------
|       100       |         1          |        0.01         |       6        |       4       |
-----------------------------------------------------------------------------------------------
|      1000       |         6          |        0.006        |       11       |       8       |
-----------------------------------------------------------------------------------------------
|      10000      |         80         |        0.008        |       15       |      11       |
-----------------------------------------------------------------------------------------------

# LOCAL DELETIONS
--------------------------------------------------------------
| # of Operations | Total Execute Time | Avg. Operation Time |
|                 |  (in milliseconds) |  (in milliseconds)  |
--------------------------------------------------------------
|       10        |         0          |          0          |
--------------------------------------------------------------
|       100       |         0          |          0          |
--------------------------------------------------------------
|      1000       |         0          |          0          |
--------------------------------------------------------------
|      10000      |         4          |       0.0004        |
--------------------------------------------------------------

# REMOTE INSERTIONS
--------------------------------------------------------------
| # of Operations | Total Execute Time | Avg. Operation Time |
|                 |  (in milliseconds) |  (in milliseconds)  |
--------------------------------------------------------------
|       10        |         0          |          0          |
--------------------------------------------------------------
|       100       |         0          |          0          |
--------------------------------------------------------------
|      1000       |         1          |        0.001        |
--------------------------------------------------------------
|      10000      |         38         |       0.0038        |
--------------------------------------------------------------
|     100000      |       21055        |       0.21055       |
--------------------------------------------------------------

# REMOTE DELETIONS
--------------------------------------------------------------
| # of Operations | Total Execute Time | Avg. Operation Time |
|                 |  (in milliseconds) |  (in milliseconds)  |
--------------------------------------------------------------
|       10        |         0          |          0          |
--------------------------------------------------------------
|       100       |         1          |        0.01         |
--------------------------------------------------------------
|      1000       |         22         |        0.022        |
--------------------------------------------------------------
|      10000      |         16         |       0.0016        |
--------------------------------------------------------------
|     100000      |       10459        |       0.10459       |
--------------------------------------------------------------


## AT THE END
-------------

# LOCAL INSERTIONS
-----------------------------------------------------------------------------------------------
| # of Operations | Total Execute Time | Avg. Operation Time | Avg. ID Length | Avg. Position |
|                 |  (in milliseconds) |  (in milliseconds)  |                |    Length     |
-----------------------------------------------------------------------------------------------
|       10        |         0          |          0          |       2        |       1       |
-----------------------------------------------------------------------------------------------
|       100       |         1          |        0.01         |       8        |       4       |
-----------------------------------------------------------------------------------------------
|      1000       |         3          |        0.003        |       18       |       7       |
-----------------------------------------------------------------------------------------------
|      10000      |         77         |       0.0077        |       32       |      10       |
-----------------------------------------------------------------------------------------------

# LOCAL DELETIONS
--------------------------------------------------------------
| # of Operations | Total Execute Time | Avg. Operation Time |
|                 |  (in milliseconds) |  (in milliseconds)  |
--------------------------------------------------------------
|       10        |         0          |          0          |
--------------------------------------------------------------
|       100       |         0          |          0          |
--------------------------------------------------------------
|      1000       |         0          |          0          |
--------------------------------------------------------------
|      10000      |         4          |       0.0004        |
--------------------------------------------------------------

# REMOTE INSERTIONS
--------------------------------------------------------------
| # of Operations | Total Execute Time | Avg. Operation Time |
|                 |  (in milliseconds) |  (in milliseconds)  |
--------------------------------------------------------------
|       10        |         0          |          0          |
--------------------------------------------------------------
|       100       |         0          |          0          |
--------------------------------------------------------------
|      1000       |         1          |        0.001        |
--------------------------------------------------------------
|      10000      |         20         |        0.002        |
--------------------------------------------------------------
|     100000      |        9937        |       0.09937       |
--------------------------------------------------------------

# REMOTE DELETIONS
--------------------------------------------------------------
| # of Operations | Total Execute Time | Avg. Operation Time |
|                 |  (in milliseconds) |  (in milliseconds)  |
--------------------------------------------------------------
|       10        |         0          |          0          |
--------------------------------------------------------------
|       100       |         0          |          0          |
--------------------------------------------------------------
|      1000       |         1          |        0.001        |
--------------------------------------------------------------
|      10000      |         14         |       0.0014        |
--------------------------------------------------------------
|     100000      |        339         |       0.00339       |
--------------------------------------------------------------
