
#### PERFORMANCE METRICS
Base: 32 | Boundary: 10 | Strategy: every2nd
================================================================================================

## RANDOM
---------

# LOCAL INSERTIONS
-----------------------------------------------------------------------------------------------
| # of Operations | Total Execute Time | Avg. Operation Time | Avg. ID Length | Avg. Position |
|                 |  (in milliseconds) |  (in milliseconds)  |                |    Length     |
-----------------------------------------------------------------------------------------------

|       10        |         1          |         0.1         |       2        |       1       |
-----------------------------------------------------------------------------------------------
|       100       |         1          |        0.01         |       4        |       3       |
-----------------------------------------------------------------------------------------------
|      1000       |         6          |        0.006        |       5        |       3       |
-----------------------------------------------------------------------------------------------
|      10000      |         64         |       0.0064        |       10       |       5       |
-----------------------------------------------------------------------------------------------
|     100000      |       15282        |       0.15282       |       13       |       6       |
-----------------------------------------------------------------------------------------------

# LOCAL DELETIONS
--------------------------------------------------------------
| # of Operations | Total Execute Time | Avg. Operation Time |
|                 |  (in milliseconds) |  (in milliseconds)  |
--------------------------------------------------------------
|       10        |         0          |          0          |
--------------------------------------------------------------
|       100       |         0          |          0          |
--------------------------------------------------------------
|      1000       |         1          |        0.001        |
--------------------------------------------------------------
|      10000      |         42         |       0.0042        |
--------------------------------------------------------------
|     100000      |        6219        |       0.06219       |
--------------------------------------------------------------

# REMOTE INSERTIONS
--------------------------------------------------------------
| # of Operations | Total Execute Time | Avg. Operation Time |
|                 |  (in milliseconds) |  (in milliseconds)  |
--------------------------------------------------------------
|       10        |         0          |          0          |
--------------------------------------------------------------
|       100       |         0          |          0          |
--------------------------------------------------------------
|      1000       |         7          |        0.007        |
--------------------------------------------------------------
|      10000      |         35         |       0.0035        |
--------------------------------------------------------------
|     100000      |        4866        |       0.04866       |
--------------------------------------------------------------

# REMOTE DELETIONS
--------------------------------------------------------------
| # of Operations | Total Execute Time | Avg. Operation Time |
|                 |  (in milliseconds) |  (in milliseconds)  |
--------------------------------------------------------------
|       10        |         0          |          0          |
--------------------------------------------------------------
|       100       |         1          |        0.01         |
--------------------------------------------------------------
|      1000       |         3          |        0.003        |
--------------------------------------------------------------
|      10000      |         57         |       0.0057        |
--------------------------------------------------------------
|     100000      |        7112        |       0.07112       |
--------------------------------------------------------------


## AT THE BEGINNING
-------------------

# LOCAL INSERTIONS
-----------------------------------------------------------------------------------------------
| # of Operations | Total Execute Time | Avg. Operation Time | Avg. ID Length | Avg. Position |
|                 |  (in milliseconds) |  (in milliseconds)  |                |    Length     |
-----------------------------------------------------------------------------------------------
|       10        |         0          |          0          |       2        |       1       |
-----------------------------------------------------------------------------------------------
|       100       |         0          |          0          |       5        |       3       |
-----------------------------------------------------------------------------------------------
|      1000       |         3          |        0.003        |       8        |       5       |
-----------------------------------------------------------------------------------------------
|      10000      |         65         |       0.0065        |       11       |       7       |
-----------------------------------------------------------------------------------------------
|     100000      |       24621        |       0.24621       |       14       |       9       |
-----------------------------------------------------------------------------------------------

# LOCAL DELETIONS
--------------------------------------------------------------
| # of Operations | Total Execute Time | Avg. Operation Time |
|                 |  (in milliseconds) |  (in milliseconds)  |
--------------------------------------------------------------
|       10        |         0          |          0          |
--------------------------------------------------------------
|       100       |         0          |          0          |
--------------------------------------------------------------
|      1000       |         0          |          0          |
--------------------------------------------------------------
|      10000      |         5          |       0.0005        |
--------------------------------------------------------------
|     100000      |        9839        |       0.09839       |
--------------------------------------------------------------

# REMOTE INSERTIONS
--------------------------------------------------------------
| # of Operations | Total Execute Time | Avg. Operation Time |
|                 |  (in milliseconds) |  (in milliseconds)  |
--------------------------------------------------------------
|       10        |         0          |          0          |
--------------------------------------------------------------
|       100       |         0          |          0          |
--------------------------------------------------------------
|      1000       |         1          |        0.001        |
--------------------------------------------------------------
|      10000      |         22         |       0.0022        |
--------------------------------------------------------------
|     100000      |        9473        |       0.09473       |
--------------------------------------------------------------

# REMOTE DELETIONS
--------------------------------------------------------------
| # of Operations | Total Execute Time | Avg. Operation Time |
|                 |  (in milliseconds) |  (in milliseconds)  |
--------------------------------------------------------------
|       10        |         0          |          0          |
--------------------------------------------------------------
|       100       |         0          |          0          |
--------------------------------------------------------------
|      1000       |         1          |        0.001        |
--------------------------------------------------------------
|      10000      |         14         |       0.0014        |
--------------------------------------------------------------
|     100000      |       11127        |       0.11127       |
--------------------------------------------------------------


## AT THE END
-------------

# LOCAL INSERTIONS
-----------------------------------------------------------------------------------------------
| # of Operations | Total Execute Time | Avg. Operation Time | Avg. ID Length | Avg. Position |
|                 |  (in milliseconds) |  (in milliseconds)  |                |    Length     |
-----------------------------------------------------------------------------------------------
|       10        |         0          |          0          |       2        |       1       |
-----------------------------------------------------------------------------------------------
|       100       |         0          |          0          |       8        |       3       |
-----------------------------------------------------------------------------------------------
|      1000       |         2          |        0.002        |       16       |       5       |
-----------------------------------------------------------------------------------------------
|      10000      |         79         |       0.0079        |       27       |       7       |
-----------------------------------------------------------------------------------------------
|     100000      |        618         |       0.00618       |       39       |      10       |
-----------------------------------------------------------------------------------------------

# LOCAL DELETIONS
--------------------------------------------------------------
| # of Operations | Total Execute Time | Avg. Operation Time |
|                 |  (in milliseconds) |  (in milliseconds)  |
--------------------------------------------------------------
|       10        |         0          |          0          |
--------------------------------------------------------------
|       100       |         0          |          0          |
--------------------------------------------------------------
|      1000       |         0          |          0          |
--------------------------------------------------------------
|      10000      |         3          |       0.0003        |
--------------------------------------------------------------
|     100000      |         21         |       0.00021       |
--------------------------------------------------------------

# REMOTE INSERTIONS
--------------------------------------------------------------
| # of Operations | Total Execute Time | Avg. Operation Time |
|                 |  (in milliseconds) |  (in milliseconds)  |
--------------------------------------------------------------
|       10        |         0          |          0          |
--------------------------------------------------------------
|       100       |         0          |          0          |
--------------------------------------------------------------
|      1000       |         0          |          0          |
--------------------------------------------------------------
|      10000      |         15         |       0.0015        |
--------------------------------------------------------------
|     100000      |        6288        |       0.06288       |
--------------------------------------------------------------

# REMOTE DELETIONS
--------------------------------------------------------------
| # of Operations | Total Execute Time | Avg. Operation Time |
|                 |  (in milliseconds) |  (in milliseconds)  |
--------------------------------------------------------------
|       10        |         0          |          0          |
--------------------------------------------------------------
|       100       |         0          |          0          |
--------------------------------------------------------------
|      1000       |         2          |        0.002        |
--------------------------------------------------------------
|      10000      |         21         |       0.0021        |
--------------------------------------------------------------
|     100000      |        294         |       0.00294       |
--------------------------------------------------------------
