
#### PERFORMANCE METRICS
Base: 3200 | Boundary: 3000 | Strategy: random
================================================================================================

## RANDOM
---------

# LOCAL INSERTIONS
-----------------------------------------------------------------------------------------------
| # of Operations | Total Execute Time | Avg. Operation Time | Avg. ID Length | Avg. Position |
|                 |  (in milliseconds) |  (in milliseconds)  |                |    Length     |
-----------------------------------------------------------------------------------------------

|       10        |         0          |          0          |       3        |       1       |
-----------------------------------------------------------------------------------------------
|       100       |         0          |          0          |       5        |       1       |
-----------------------------------------------------------------------------------------------
|      1000       |         4          |        0.004        |       6        |       1       |
-----------------------------------------------------------------------------------------------
|      10000      |         46         |       0.0046        |       9        |       2       |
-----------------------------------------------------------------------------------------------
|     100000      |       25925        |       0.25925       |       10       |       2       |
-----------------------------------------------------------------------------------------------

# LOCAL DELETIONS
--------------------------------------------------------------
| # of Operations | Total Execute Time | Avg. Operation Time |
|                 |  (in milliseconds) |  (in milliseconds)  |
--------------------------------------------------------------
|       10        |         0          |          0          |
--------------------------------------------------------------
|       100       |         0          |          0          |
--------------------------------------------------------------
|      1000       |         1          |        0.001        |
--------------------------------------------------------------
|      10000      |         54         |       0.0054        |
--------------------------------------------------------------
|     100000      |        5916        |       0.05916       |
--------------------------------------------------------------

# REMOTE INSERTIONS
--------------------------------------------------------------
| # of Operations | Total Execute Time | Avg. Operation Time |
|                 |  (in milliseconds) |  (in milliseconds)  |
--------------------------------------------------------------
|       10        |         1          |         0.1         |
--------------------------------------------------------------
|       100       |         1          |        0.01         |
--------------------------------------------------------------
|      1000       |         6          |        0.006        |
--------------------------------------------------------------
|      10000      |         37         |       0.0037        |
--------------------------------------------------------------
|     100000      |        4272        |       0.04272       |
--------------------------------------------------------------

# REMOTE DELETIONS
--------------------------------------------------------------
| # of Operations | Total Execute Time | Avg. Operation Time |
|                 |  (in milliseconds) |  (in milliseconds)  |
--------------------------------------------------------------
|       10        |         1          |         0.1         |
--------------------------------------------------------------
|       100       |         0          |          0          |
--------------------------------------------------------------
|      1000       |         3          |        0.003        |
--------------------------------------------------------------
|      10000      |         60         |        0.006        |
--------------------------------------------------------------
|     100000      |        6582        |       0.06582       |
--------------------------------------------------------------


## AT THE BEGINNING
-------------------

# LOCAL INSERTIONS
-----------------------------------------------------------------------------------------------
| # of Operations | Total Execute Time | Avg. Operation Time | Avg. ID Length | Avg. Position |
|                 |  (in milliseconds) |  (in milliseconds)  |                |    Length     |
-----------------------------------------------------------------------------------------------
|       10        |         0          |          0          |       3        |       1       |
-----------------------------------------------------------------------------------------------
|       100       |         1          |        0.01         |       7        |       4       |
-----------------------------------------------------------------------------------------------
|      1000       |         3          |        0.003        |       11       |       6       |
-----------------------------------------------------------------------------------------------
|      10000      |         59         |       0.0059        |       14       |       8       |
-----------------------------------------------------------------------------------------------
|     100000      |       21979        |       0.21979       |       17       |      10       |
-----------------------------------------------------------------------------------------------

# LOCAL DELETIONS
--------------------------------------------------------------
| # of Operations | Total Execute Time | Avg. Operation Time |
|                 |  (in milliseconds) |  (in milliseconds)  |
--------------------------------------------------------------
|       10        |         0          |          0          |
--------------------------------------------------------------
|       100       |         0          |          0          |
--------------------------------------------------------------
|      1000       |         1          |        0.001        |
--------------------------------------------------------------
|      10000      |         6          |       0.0006        |
--------------------------------------------------------------
|     100000      |       10234        |       0.10234       |
--------------------------------------------------------------

# REMOTE INSERTIONS
--------------------------------------------------------------
| # of Operations | Total Execute Time | Avg. Operation Time |
|                 |  (in milliseconds) |  (in milliseconds)  |
--------------------------------------------------------------
|       10        |         0          |          0          |
--------------------------------------------------------------
|       100       |         0          |          0          |
--------------------------------------------------------------
|      1000       |         1          |        0.001        |
--------------------------------------------------------------
|      10000      |         21         |       0.0021        |
--------------------------------------------------------------
|     100000      |        6875        |       0.06875       |
--------------------------------------------------------------

# REMOTE DELETIONS
--------------------------------------------------------------
| # of Operations | Total Execute Time | Avg. Operation Time |
|                 |  (in milliseconds) |  (in milliseconds)  |
--------------------------------------------------------------
|       10        |         0          |          0          |
--------------------------------------------------------------
|       100       |         0          |          0          |
--------------------------------------------------------------
|      1000       |         1          |        0.001        |
--------------------------------------------------------------
|      10000      |         15         |       0.0015        |
--------------------------------------------------------------
|     100000      |       11044        |       0.11044       |
--------------------------------------------------------------


## AT THE END
-------------

# LOCAL INSERTIONS
-----------------------------------------------------------------------------------------------
| # of Operations | Total Execute Time | Avg. Operation Time | Avg. ID Length | Avg. Position |
|                 |  (in milliseconds) |  (in milliseconds)  |                |    Length     |
-----------------------------------------------------------------------------------------------
|       10        |         0          |          0          |       4        |       1       |
-----------------------------------------------------------------------------------------------
|       100       |         0          |          0          |       14       |       3       |
-----------------------------------------------------------------------------------------------
|      1000       |         3          |        0.003        |       36       |       6       |
-----------------------------------------------------------------------------------------------
|      10000      |         49         |       0.0049        |       49       |       8       |
-----------------------------------------------------------------------------------------------
|     100000      |        729         |       0.00729       |       76       |      11       |
-----------------------------------------------------------------------------------------------

# LOCAL DELETIONS
--------------------------------------------------------------
| # of Operations | Total Execute Time | Avg. Operation Time |
|                 |  (in milliseconds) |  (in milliseconds)  |
--------------------------------------------------------------
|       10        |         0          |          0          |
--------------------------------------------------------------
|       100       |         0          |          0          |
--------------------------------------------------------------
|      1000       |         0          |          0          |
--------------------------------------------------------------
|      10000      |         2          |       0.0002        |
--------------------------------------------------------------
|     100000      |         32         |       0.00032       |
--------------------------------------------------------------

# REMOTE INSERTIONS
--------------------------------------------------------------
| # of Operations | Total Execute Time | Avg. Operation Time |
|                 |  (in milliseconds) |  (in milliseconds)  |
--------------------------------------------------------------
|       10        |         0          |          0          |
--------------------------------------------------------------
|       100       |         1          |        0.01         |
--------------------------------------------------------------
|      1000       |         0          |          0          |
--------------------------------------------------------------
|      10000      |         15         |       0.0015        |
--------------------------------------------------------------
|     100000      |        7088        |       0.07088       |
--------------------------------------------------------------

# REMOTE DELETIONS
--------------------------------------------------------------
| # of Operations | Total Execute Time | Avg. Operation Time |
|                 |  (in milliseconds) |  (in milliseconds)  |
--------------------------------------------------------------
|       10        |         0          |          0          |
--------------------------------------------------------------
|       100       |         1          |        0.01         |
--------------------------------------------------------------
|      1000       |         1          |        0.001        |
--------------------------------------------------------------
|      10000      |         16         |       0.0016        |
--------------------------------------------------------------
|     100000      |        213         |       0.00213       |
--------------------------------------------------------------
