
#### PERFORMANCE METRICS
======================================================================================

## RANDOM
---------

# LOCAL INSERTIONS
-----------------------------------------------------------------------------------------------
| # of Operations | Total Execute Time | Avg. Operation Time | Avg. ID Length | Avg. Position |
|                 |  (in milliseconds) |  (in milliseconds)  |                |    Length     |
-----------------------------------------------------------------------------------------------
|       10        |         1          |         0.1         |       2        |       1       |
-----------------------------------------------------------------------------------------------
|       100       |         1          |        0.01         |       6        |       3       |
-----------------------------------------------------------------------------------------------
|      1000       |         8          |        0.008        |       9        |       5       |
-----------------------------------------------------------------------------------------------
|      10000      |         64         |       0.0064        |       12       |       6       |
-----------------------------------------------------------------------------------------------
|     100000      |       14924        |       0.14924       |       12       |       6       |
-----------------------------------------------------------------------------------------------

# LOCAL DELETIONS
--------------------------------------------------------------
| # of Operations | Total Execute Time | Avg. Operation Time |
|                 |  (in milliseconds) |  (in milliseconds)  |
--------------------------------------------------------------
|       10        |         0          |          0          |
--------------------------------------------------------------
|       100       |         0          |          0          |
--------------------------------------------------------------
|      1000       |         6          |        0.006        |
--------------------------------------------------------------
|      10000      |        440         |        0.044        |
--------------------------------------------------------------
|     100000      |        6288        |       0.06288       |
--------------------------------------------------------------

# REMOTE INSERTIONS
--------------------------------------------------------------
| # of Operations | Total Execute Time | Avg. Operation Time |
|                 |  (in milliseconds) |  (in milliseconds)  |
--------------------------------------------------------------
|       10        |         0          |          0          |
--------------------------------------------------------------
|       100       |         0          |          0          |
--------------------------------------------------------------
|      1000       |         10         |        0.01         |
--------------------------------------------------------------
|      10000      |         36         |       0.0036        |
--------------------------------------------------------------
|     100000      |        5103        |       0.05103       |
--------------------------------------------------------------

# REMOTE DELETIONS
--------------------------------------------------------------
| # of Operations | Total Execute Time | Avg. Operation Time |
|                 |  (in milliseconds) |  (in milliseconds)  |
--------------------------------------------------------------
|       10        |         0          |          0          |
--------------------------------------------------------------
|       100       |         0          |          0          |
--------------------------------------------------------------
|      1000       |         8          |        0.008        |
--------------------------------------------------------------
|      10000      |        439         |       0.0439        |
--------------------------------------------------------------
|     100000      |        6516        |       0.06516       |
--------------------------------------------------------------


## AT THE BEGINNING
-------------------

# LOCAL INSERTIONS
-----------------------------------------------------------------------------------------------
| # of Operations | Total Execute Time | Avg. Operation Time | Avg. ID Length | Avg. Position |
|                 |  (in milliseconds) |  (in milliseconds)  |                |    Length     |
-----------------------------------------------------------------------------------------------
|       10        |         0          |          0          |       2        |       1       |
-----------------------------------------------------------------------------------------------
|       100       |         1          |        0.01         |       5        |       4       |
-----------------------------------------------------------------------------------------------
|      1000       |         5          |        0.005        |       9        |       7       |
-----------------------------------------------------------------------------------------------
|      10000      |        283         |       0.0283        |       14       |      11       |
-----------------------------------------------------------------------------------------------
|     100000      |       20606        |       0.20606       |       18       |      14       |
-----------------------------------------------------------------------------------------------

# LOCAL DELETIONS
--------------------------------------------------------------
| # of Operations | Total Execute Time | Avg. Operation Time |
|                 |  (in milliseconds) |  (in milliseconds)  |
--------------------------------------------------------------
|       10        |         0          |          0          |
--------------------------------------------------------------
|       100       |         0          |          0          |
--------------------------------------------------------------
|      1000       |         1          |        0.001        |
--------------------------------------------------------------
|      10000      |         9          |       0.0009        |
--------------------------------------------------------------
|     100000      |       10011        |       0.10011       |
--------------------------------------------------------------

# REMOTE INSERTIONS
--------------------------------------------------------------
| # of Operations | Total Execute Time | Avg. Operation Time |
|                 |  (in milliseconds) |  (in milliseconds)  |
--------------------------------------------------------------
|       10        |         0          |          0          |
--------------------------------------------------------------
|       100       |         0          |          0          |
--------------------------------------------------------------
|      1000       |         1          |        0.001        |
--------------------------------------------------------------
|      10000      |         36         |       0.0036        |
--------------------------------------------------------------
|     100000      |       27219        |       0.27219       |
--------------------------------------------------------------

# REMOTE DELETIONS
--------------------------------------------------------------
| # of Operations | Total Execute Time | Avg. Operation Time |
|                 |  (in milliseconds) |  (in milliseconds)  |
--------------------------------------------------------------
|       10        |         0          |          0          |
--------------------------------------------------------------
|       100       |         0          |          0          |
--------------------------------------------------------------
|      1000       |         24         |        0.024        |
--------------------------------------------------------------
|      10000      |         15         |       0.0015        |
--------------------------------------------------------------
|     100000      |       10178        |       0.10178       |
--------------------------------------------------------------


## AT THE END
-------------

# LOCAL INSERTIONS
-----------------------------------------------------------------------------------------------
| # of Operations | Total Execute Time | Avg. Operation Time | Avg. ID Length | Avg. Position |
|                 |  (in milliseconds) |  (in milliseconds)  |                |    Length     |
-----------------------------------------------------------------------------------------------
|       10        |         0          |          0          |       3        |       1       |
-----------------------------------------------------------------------------------------------
|       100       |         1          |        0.01         |       9        |       4       |
-----------------------------------------------------------------------------------------------
|      1000       |         4          |        0.004        |       21       |       7       |
-----------------------------------------------------------------------------------------------
|      10000      |         81         |       0.0081        |       35       |      11       |
-----------------------------------------------------------------------------------------------
|     100000      |        828         |       0.00828       |       53       |      14       |
-----------------------------------------------------------------------------------------------

# LOCAL DELETIONS
--------------------------------------------------------------
| # of Operations | Total Execute Time | Avg. Operation Time |
|                 |  (in milliseconds) |  (in milliseconds)  |
--------------------------------------------------------------
|       10        |         0          |          0          |
--------------------------------------------------------------
|       100       |         0          |          0          |
--------------------------------------------------------------
|      1000       |         0          |          0          |
--------------------------------------------------------------
|      10000      |         3          |       0.0003        |
--------------------------------------------------------------
|     100000      |         33         |       0.00033       |
--------------------------------------------------------------

# REMOTE INSERTIONS
--------------------------------------------------------------
| # of Operations | Total Execute Time | Avg. Operation Time |
|                 |  (in milliseconds) |  (in milliseconds)  |
--------------------------------------------------------------
|       10        |         0          |          0          |
--------------------------------------------------------------
|       100       |         0          |          0          |
--------------------------------------------------------------
|      1000       |         1          |        0.001        |
--------------------------------------------------------------
|      10000      |         27         |       0.0027        |
--------------------------------------------------------------
|     100000      |        7564        |       0.07564       |
--------------------------------------------------------------

# REMOTE DELETIONS
--------------------------------------------------------------
| # of Operations | Total Execute Time | Avg. Operation Time |
|                 |  (in milliseconds) |  (in milliseconds)  |
--------------------------------------------------------------
|       10        |         0          |          0          |
--------------------------------------------------------------
|       100       |         0          |          0          |
--------------------------------------------------------------
|      1000       |         2          |        0.002        |
--------------------------------------------------------------
|      10000      |         18         |       0.0018        |
--------------------------------------------------------------
|     100000      |        318         |       0.00318       |
--------------------------------------------------------------
