
#### PERFORMANCE METRICS
======================================================================================

## RANDOM
---------

# LOCAL INSERTIONS
-----------------------------------------------------------------------------------------------
| # of Operations | Total Execute Time | Avg. Operation Time | Avg. ID Length | Avg. Position |
|                 |  (in milliseconds) |  (in milliseconds)  |                |    Length     |
-----------------------------------------------------------------------------------------------
|       10        |         1          |         0.1         |       3        |       1       |
-----------------------------------------------------------------------------------------------
|       100       |         0          |          0          |       5        |       1       |
-----------------------------------------------------------------------------------------------
|      1000       |         4          |        0.004        |       7        |       1       |
-----------------------------------------------------------------------------------------------
|      10000      |         35         |       0.0035        |       8        |       2       |
-----------------------------------------------------------------------------------------------
|     100000      |       24010        |       0.2401        |       10       |       2       |
-----------------------------------------------------------------------------------------------

# LOCAL DELETIONS
--------------------------------------------------------------
| # of Operations | Total Execute Time | Avg. Operation Time |
|                 |  (in milliseconds) |  (in milliseconds)  |
--------------------------------------------------------------
|       10        |         0          |          0          |
--------------------------------------------------------------
|       100       |         0          |          0          |
--------------------------------------------------------------
|      1000       |         1          |        0.001        |
--------------------------------------------------------------
|      10000      |         41         |       0.0041        |
--------------------------------------------------------------
|     100000      |        6204        |       0.06204       |
--------------------------------------------------------------

# REMOTE INSERTIONS
--------------------------------------------------------------
| # of Operations | Total Execute Time | Avg. Operation Time |
|                 |  (in milliseconds) |  (in milliseconds)  |
--------------------------------------------------------------
|       10        |         1          |         0.1         |
--------------------------------------------------------------
|       100       |         1          |        0.01         |
--------------------------------------------------------------
|      1000       |         9          |        0.009        |
--------------------------------------------------------------
|      10000      |         46         |       0.0046        |
--------------------------------------------------------------
|     100000      |        4865        |       0.04865       |
--------------------------------------------------------------

# REMOTE DELETIONS
--------------------------------------------------------------
| # of Operations | Total Execute Time | Avg. Operation Time |
|                 |  (in milliseconds) |  (in milliseconds)  |
--------------------------------------------------------------
|       10        |         0          |          0          |
--------------------------------------------------------------
|       100       |         1          |        0.01         |
--------------------------------------------------------------
|      1000       |         3          |        0.003        |
--------------------------------------------------------------
|      10000      |         52         |       0.0052        |
--------------------------------------------------------------
|     100000      |        7356        |       0.07356       |
--------------------------------------------------------------


## AT THE BEGINNING
-------------------

# LOCAL INSERTIONS
-----------------------------------------------------------------------------------------------
| # of Operations | Total Execute Time | Avg. Operation Time | Avg. ID Length | Avg. Position |
|                 |  (in milliseconds) |  (in milliseconds)  |                |    Length     |
-----------------------------------------------------------------------------------------------
|       10        |         1          |         0.1         |       3        |       1       |
-----------------------------------------------------------------------------------------------
|       100       |         1          |        0.01         |       7        |       4       |
-----------------------------------------------------------------------------------------------
|      1000       |         4          |        0.004        |       13       |       8       |
-----------------------------------------------------------------------------------------------
|      10000      |         98         |       0.0098        |       18       |      12       |
-----------------------------------------------------------------------------------------------
|     100000      |       21135        |       0.21135       |       22       |      15       |
-----------------------------------------------------------------------------------------------

# LOCAL DELETIONS
--------------------------------------------------------------
| # of Operations | Total Execute Time | Avg. Operation Time |
|                 |  (in milliseconds) |  (in milliseconds)  |
--------------------------------------------------------------
|       10        |         0          |          0          |
--------------------------------------------------------------
|       100       |         0          |          0          |
--------------------------------------------------------------
|      1000       |         0          |          0          |
--------------------------------------------------------------
|      10000      |         4          |       0.0004        |
--------------------------------------------------------------
|     100000      |       10340        |       0.1034        |
--------------------------------------------------------------

# REMOTE INSERTIONS
--------------------------------------------------------------
| # of Operations | Total Execute Time | Avg. Operation Time |
|                 |  (in milliseconds) |  (in milliseconds)  |
--------------------------------------------------------------
|       10        |         0          |          0          |
--------------------------------------------------------------
|       100       |         0          |          0          |
--------------------------------------------------------------
|      1000       |         2          |        0.002        |
--------------------------------------------------------------
|      10000      |         34         |       0.0034        |
--------------------------------------------------------------
|     100000      |       22804        |       0.22804       |
--------------------------------------------------------------

# REMOTE DELETIONS
--------------------------------------------------------------
| # of Operations | Total Execute Time | Avg. Operation Time |
|                 |  (in milliseconds) |  (in milliseconds)  |
--------------------------------------------------------------
|       10        |         0          |          0          |
--------------------------------------------------------------
|       100       |         0          |          0          |
--------------------------------------------------------------
|      1000       |         1          |        0.001        |
--------------------------------------------------------------
|      10000      |         12         |       0.0012        |
--------------------------------------------------------------
|     100000      |       28706        |       0.28706       |
--------------------------------------------------------------


## AT THE END
-------------

# LOCAL INSERTIONS
-----------------------------------------------------------------------------------------------
| # of Operations | Total Execute Time | Avg. Operation Time | Avg. ID Length | Avg. Position |
|                 |  (in milliseconds) |  (in milliseconds)  |                |    Length     |
-----------------------------------------------------------------------------------------------
|       10        |         0          |          0          |       3        |       1       |
-----------------------------------------------------------------------------------------------
|       100       |         0          |          0          |       15       |       3       |
-----------------------------------------------------------------------------------------------
|      1000       |         34         |        0.034        |       43       |       8       |
-----------------------------------------------------------------------------------------------
|      10000      |        265         |       0.0265        |       65       |      12       |
-----------------------------------------------------------------------------------------------
|     100000      |        1074        |       0.01074       |       93       |      15       |
-----------------------------------------------------------------------------------------------

# LOCAL DELETIONS
--------------------------------------------------------------
| # of Operations | Total Execute Time | Avg. Operation Time |
|                 |  (in milliseconds) |  (in milliseconds)  |
--------------------------------------------------------------
|       10        |         0          |          0          |
--------------------------------------------------------------
|       100       |         0          |          0          |
--------------------------------------------------------------
|      1000       |         0          |          0          |
--------------------------------------------------------------
|      10000      |         2          |       0.0002        |
--------------------------------------------------------------
|     100000      |         23         |       0.00023       |
--------------------------------------------------------------

# REMOTE INSERTIONS
--------------------------------------------------------------
| # of Operations | Total Execute Time | Avg. Operation Time |
|                 |  (in milliseconds) |  (in milliseconds)  |
--------------------------------------------------------------
|       10        |         0          |          0          |
--------------------------------------------------------------
|       100       |         0          |          0          |
--------------------------------------------------------------
|      1000       |         1          |        0.001        |
--------------------------------------------------------------
|      10000      |         21         |       0.0021        |
--------------------------------------------------------------
|     100000      |       11136        |       0.11136       |
--------------------------------------------------------------

# REMOTE DELETIONS
--------------------------------------------------------------
| # of Operations | Total Execute Time | Avg. Operation Time |
|                 |  (in milliseconds) |  (in milliseconds)  |
--------------------------------------------------------------
|       10        |         0          |          0          |
--------------------------------------------------------------
|       100       |         0          |          0          |
--------------------------------------------------------------
|      1000       |         1          |        0.001        |
--------------------------------------------------------------
|      10000      |         18         |       0.0018        |
--------------------------------------------------------------
|     100000      |        306         |       0.00306       |
--------------------------------------------------------------
