
#### PERFORMANCE METRICS
======================================================================================

## RANDOM
---------

# INSERTIONS
---------------------------------------------------------------------------------------
|  # of Operations  |  Total Execute Time   | Avg. Operation Time  |  Avg. ID Length  |
|                   |   (in milliseconds)   |  (in milliseconds)   |                  |
---------------------------------------------------------------------------------------
|        10         |           1           |         0.1          |        2         |
---------------------------------------------------------------------------------------
|        100        |           1           |         0.01         |        5         |
---------------------------------------------------------------------------------------
|       1000        |          11           |        0.011         |        9         |
---------------------------------------------------------------------------------------
|       10000       |          137          |        0.0137        |        12        |
---------------------------------------------------------------------------------------
|      100000       |         12982         |       0.12982        |        15        |
---------------------------------------------------------------------------------------


# DELETIONS
--------------------------------------------------------------------
|  # of Operations  |  Total Execute Time   | Avg. Operation Time  |
|                   |   (in milliseconds)   |  (in milliseconds)   |
--------------------------------------------------------------------
|        10         |           0           |          0           |
--------------------------------------------------------------------
|        100        |           0           |          0           |
--------------------------------------------------------------------
|       1000        |           6           |        0.006         |
--------------------------------------------------------------------
|       10000       |          454          |        0.0454        |
--------------------------------------------------------------------
|      100000       |         16332         |       0.16332        |
--------------------------------------------------------------------


## AT THE BEGINNING
-------------------


# INSERTIONS
---------------------------------------------------------------------------------------
|  # of Operations  |  Total Execute Time   | Avg. Operation Time  |  Avg. ID Length  |
|                   |   (in milliseconds)   |  (in milliseconds)   |                  |
---------------------------------------------------------------------------------------
|        10         |           0           |          0           |        2         |
---------------------------------------------------------------------------------------
|        100        |           0           |          0           |        6         |
---------------------------------------------------------------------------------------
|       1000        |           5           |        0.005         |        9         |
---------------------------------------------------------------------------------------
|       10000       |          298          |        0.0298        |        14        |
---------------------------------------------------------------------------------------
|      100000       |         21022         |       0.21022        |        18        |
---------------------------------------------------------------------------------------

# DELETIONS
--------------------------------------------------------------------
|  # of Operations  |  Total Execute Time   | Avg. Operation Time  |
|                   |   (in milliseconds)   |  (in milliseconds)   |
--------------------------------------------------------------------
|        10         |           0           |          0           |
--------------------------------------------------------------------
|        100        |           1           |         0.01         |
--------------------------------------------------------------------
|       1000        |           0           |          0           |
--------------------------------------------------------------------
|       10000       |           6           |        0.0006        |
--------------------------------------------------------------------
|      100000       |         9945          |       0.09945        |
--------------------------------------------------------------------


## AT THE END
-------------

# INSERTIONS
---------------------------------------------------------------------------------------
|  # of Operations  |  Total Execute Time   | Avg. Operation Time  |  Avg. ID Length  |
|                   |   (in milliseconds)   |  (in milliseconds)   |                  |
---------------------------------------------------------------------------------------
|        10         |           0           |          0           |        3         |
---------------------------------------------------------------------------------------
|        100        |           0           |          0           |        9         |
---------------------------------------------------------------------------------------
|       1000        |           3           |        0.003         |        21        |
---------------------------------------------------------------------------------------
|       10000       |          57           |        0.0057        |        35        |
---------------------------------------------------------------------------------------
|      100000       |          815          |       0.00815        |        53        |
---------------------------------------------------------------------------------------

# DELETIONS
--------------------------------------------------------------------
|  # of Operations  |  Total Execute Time   | Avg. Operation Time  |
|                   |   (in milliseconds)   |  (in milliseconds)   |
--------------------------------------------------------------------
|        10         |           0           |          0           |
--------------------------------------------------------------------
|        100        |           0           |          0           |
--------------------------------------------------------------------
|       1000        |           0           |          0           |
--------------------------------------------------------------------
|       10000       |          13           |        0.0013        |
--------------------------------------------------------------------
|      100000       |          33           |       0.00033        |
--------------------------------------------------------------------
