
#### PERFORMANCE METRICS
======================================================================================

## RANDOM
---------

# LOCAL INSERTIONS
---------------------------------------------------------------------------------------
|  # of Operations  |  Total Execute Time   | Avg. Operation Time  |  Avg. ID Length  |
|                   |   (in milliseconds)   |  (in milliseconds)   |                  |
---------------------------------------------------------------------------------------
|        10         |           0           |          0           |        3         |
---------------------------------------------------------------------------------------
|        100        |           0           |          0           |        4         |
---------------------------------------------------------------------------------------
|       1000        |          12           |        0.012         |        9         |
---------------------------------------------------------------------------------------
|       10000       |          80           |        0.008         |        10        |
---------------------------------------------------------------------------------------
|      100000       |         7334          |       0.07334        |        15        |
---------------------------------------------------------------------------------------

# LOCAL DELETIONS
--------------------------------------------------------------------
|  # of Operations  |  Total Execute Time   | Avg. Operation Time  |
|                   |   (in milliseconds)   |  (in milliseconds)   |
--------------------------------------------------------------------
|        10         |           0           |          0           |
--------------------------------------------------------------------
|        100        |           1           |         0.01         |
--------------------------------------------------------------------
|       1000        |           1           |        0.001         |
--------------------------------------------------------------------
|       10000       |          62           |        0.0062        |
--------------------------------------------------------------------
|      100000       |         34939         |       0.34939        |
--------------------------------------------------------------------

# REMOTE INSERTIONS
--------------------------------------------------------------------
|  # of Operations  |  Total Execute Time   | Avg. Operation Time  |
|                   |   (in milliseconds)   |  (in milliseconds)   |
--------------------------------------------------------------------
|        10         |           0           |          0           |
--------------------------------------------------------------------
|        100        |           0           |          0           |
--------------------------------------------------------------------
|       1000        |           5           |        0.005         |
--------------------------------------------------------------------
|       10000       |          51           |        0.0051        |
--------------------------------------------------------------------
|      100000       |         21783         |       0.21783        |
--------------------------------------------------------------------

# REMOTE DELETIONS
--------------------------------------------------------------------
|  # of Operations  |  Total Execute Time   | Avg. Operation Time  |
|                   |   (in milliseconds)   |  (in milliseconds)   |
--------------------------------------------------------------------
|        10         |           0           |          0           |
--------------------------------------------------------------------
|        100        |           1           |         0.01         |
--------------------------------------------------------------------
|       1000        |           9           |        0.009         |
--------------------------------------------------------------------
|       10000       |          75           |        0.0075        |
--------------------------------------------------------------------
|      100000       |         20182         |       0.20182        |
--------------------------------------------------------------------


## AT THE BEGINNING
-------------------

# LOCAL INSERTIONS
---------------------------------------------------------------------------------------
|  # of Operations  |  Total Execute Time   | Avg. Operation Time  |  Avg. ID Length  |
|                   |   (in milliseconds)   |  (in milliseconds)   |                  |
---------------------------------------------------------------------------------------
|        10         |           0           |          0           |        2         |
---------------------------------------------------------------------------------------
|        100        |           1           |         0.01         |        5         |
---------------------------------------------------------------------------------------
|       1000        |           4           |        0.004         |        9         |
---------------------------------------------------------------------------------------
|       10000       |          86           |        0.0086        |        14        |
---------------------------------------------------------------------------------------
|      100000       |         20940         |        0.2094        |        18        |
---------------------------------------------------------------------------------------

# LOCAL DELETIONS
--------------------------------------------------------------------
|  # of Operations  |  Total Execute Time   | Avg. Operation Time  |
|                   |   (in milliseconds)   |  (in milliseconds)   |
--------------------------------------------------------------------
|        10         |           0           |          0           |
--------------------------------------------------------------------
|        100        |           0           |          0           |
--------------------------------------------------------------------
|       1000        |           0           |          0           |
--------------------------------------------------------------------
|       10000       |           5           |        0.0005        |
--------------------------------------------------------------------
|      100000       |         10034         |       0.10034        |
--------------------------------------------------------------------

# REMOTE INSERTIONS
--------------------------------------------------------------------
|  # of Operations  |  Total Execute Time   | Avg. Operation Time  |
|                   |   (in milliseconds)   |  (in milliseconds)   |
--------------------------------------------------------------------
|        10         |           0           |          0           |
--------------------------------------------------------------------
|        100        |           0           |          0           |
--------------------------------------------------------------------
|       1000        |          12           |        0.012         |
--------------------------------------------------------------------
|       10000       |          66           |        0.0066        |
--------------------------------------------------------------------
|      100000       |         26316         |       0.26316        |
--------------------------------------------------------------------

# REMOTE DELETIONS
--------------------------------------------------------------------
|  # of Operations  |  Total Execute Time   | Avg. Operation Time  |
|                   |   (in milliseconds)   |  (in milliseconds)   |
--------------------------------------------------------------------
|        10         |           0           |          0           |
--------------------------------------------------------------------
|        100        |           0           |          0           |
--------------------------------------------------------------------
|       1000        |           2           |        0.002         |
--------------------------------------------------------------------
|       10000       |          41           |        0.0041        |
--------------------------------------------------------------------
|      100000       |         24098         |       0.24098        |
--------------------------------------------------------------------


## AT THE END
-------------

# LOCAL INSERTIONS
---------------------------------------------------------------------------------------
|  # of Operations  |  Total Execute Time   | Avg. Operation Time  |  Avg. ID Length  |
|                   |   (in milliseconds)   |  (in milliseconds)   |                  |
---------------------------------------------------------------------------------------
|        10         |           0           |          0           |        4         |
---------------------------------------------------------------------------------------
|        100        |           0           |          0           |        9         |
---------------------------------------------------------------------------------------
|       1000        |           3           |        0.003         |        21        |
---------------------------------------------------------------------------------------
|       10000       |          58           |        0.0058        |        35        |
---------------------------------------------------------------------------------------
|      100000       |          893          |       0.00893        |        53        |
---------------------------------------------------------------------------------------

# LOCAL DELETIONS
--------------------------------------------------------------------
|  # of Operations  |  Total Execute Time   | Avg. Operation Time  |
|                   |   (in milliseconds)   |  (in milliseconds)   |
--------------------------------------------------------------------
|        10         |           0           |          0           |
--------------------------------------------------------------------
|        100        |           0           |          0           |
--------------------------------------------------------------------
|       1000        |           0           |          0           |
--------------------------------------------------------------------
|       10000       |           3           |        0.0003        |
--------------------------------------------------------------------
|      100000       |          46           |       0.00046        |
--------------------------------------------------------------------

# REMOTE INSERTIONS
--------------------------------------------------------------------
|  # of Operations  |  Total Execute Time   | Avg. Operation Time  |
|                   |   (in milliseconds)   |  (in milliseconds)   |
--------------------------------------------------------------------
|        10         |           0           |          0           |
--------------------------------------------------------------------
|        100        |           0           |          0           |
--------------------------------------------------------------------
|       1000        |           1           |        0.001         |
--------------------------------------------------------------------
|       10000       |          63           |        0.0063        |
--------------------------------------------------------------------
|      100000       |         21472         |       0.21472        |
--------------------------------------------------------------------

# REMOTE DELETIONS
--------------------------------------------------------------------
|  # of Operations  |  Total Execute Time   | Avg. Operation Time  |
|                   |   (in milliseconds)   |  (in milliseconds)   |
--------------------------------------------------------------------
|        10         |           0           |          0           |
--------------------------------------------------------------------
|        100        |           0           |          0           |
--------------------------------------------------------------------
|       1000        |           1           |        0.001         |
--------------------------------------------------------------------
|       10000       |          26           |        0.0026        |
--------------------------------------------------------------------
|      100000       |         14605         |       0.14605        |
--------------------------------------------------------------------
