
#### PERFORMANCE METRICS
======================================================================================

## RANDOM
---------

# LOCAL INSERTIONS
---------------------------------------------------------------------------------------
|  # of Operations  |  Total Execute Time   | Avg. Operation Time  |  Avg. ID Length  |
|                   |   (in milliseconds)   |  (in milliseconds)   |                  |
---------------------------------------------------------------------------------------
|        10         |           1           |         0.1          |        4         |
---------------------------------------------------------------------------------------
|        100        |           0           |          0           |        8         |
---------------------------------------------------------------------------------------
|       1000        |           8           |        0.008         |        13        |
---------------------------------------------------------------------------------------
|       10000       |          101          |        0.0101        |        16        |
---------------------------------------------------------------------------------------
|      100000       |         14112         |       0.14112        |        19        |
---------------------------------------------------------------------------------------

# LOCAL DELETIONS
--------------------------------------------------------------------
|  # of Operations  |  Total Execute Time   | Avg. Operation Time  |
|                   |   (in milliseconds)   |  (in milliseconds)   |
--------------------------------------------------------------------
|        10         |           0           |          0           |
--------------------------------------------------------------------
|        100        |           0           |          0           |
--------------------------------------------------------------------
|       1000        |           2           |        0.002         |
--------------------------------------------------------------------
|       10000       |          355          |        0.0355        |
--------------------------------------------------------------------
|      100000       |         16503         |       0.16503        |
--------------------------------------------------------------------

# REMOTE INSERTIONS
--------------------------------------------------------------------
|  # of Operations  |  Total Execute Time   | Avg. Operation Time  |
|                   |   (in milliseconds)   |  (in milliseconds)   |
--------------------------------------------------------------------
|        10         |           0           |          0           |
--------------------------------------------------------------------
|        100        |           1           |         0.01         |
--------------------------------------------------------------------
|       1000        |           8           |        0.008         |
--------------------------------------------------------------------
|       10000       |          293          |        0.0293        |
--------------------------------------------------------------------
|      100000       |         19397         |       0.19397        |
--------------------------------------------------------------------

# REMOTE DELETIONS
--------------------------------------------------------------------
|  # of Operations  |  Total Execute Time   | Avg. Operation Time  |
|                   |   (in milliseconds)   |  (in milliseconds)   |
--------------------------------------------------------------------
|        10         |           0           |          0           |
--------------------------------------------------------------------
|        100        |           1           |         0.01         |
--------------------------------------------------------------------
|       1000        |          10           |         0.01         |
--------------------------------------------------------------------
|       10000       |          496          |        0.0496        |
--------------------------------------------------------------------
|      100000       |         16260         |        0.1626        |
--------------------------------------------------------------------


## AT THE BEGINNING
-------------------

# LOCAL INSERTIONS
---------------------------------------------------------------------------------------
|  # of Operations  |  Total Execute Time   | Avg. Operation Time  |  Avg. ID Length  |
|                   |   (in milliseconds)   |  (in milliseconds)   |                  |
---------------------------------------------------------------------------------------
|        10         |           0           |          0           |        4         |
---------------------------------------------------------------------------------------
|        100        |           0           |          0           |        4         |
---------------------------------------------------------------------------------------
|       1000        |           5           |        0.005         |        4         |
---------------------------------------------------------------------------------------
|       10000       |          188          |        0.0188        |        8         |
---------------------------------------------------------------------------------------
|      100000       |         23898         |       0.23898        |        11        |
---------------------------------------------------------------------------------------

# LOCAL DELETIONS
--------------------------------------------------------------------
|  # of Operations  |  Total Execute Time   | Avg. Operation Time  |
|                   |   (in milliseconds)   |  (in milliseconds)   |
--------------------------------------------------------------------
|        10         |           0           |          0           |
--------------------------------------------------------------------
|        100        |           1           |         0.01         |
--------------------------------------------------------------------
|       1000        |           0           |          0           |
--------------------------------------------------------------------
|       10000       |           6           |        0.0006        |
--------------------------------------------------------------------
|      100000       |         9820          |        0.0982        |
--------------------------------------------------------------------

# REMOTE INSERTIONS
--------------------------------------------------------------------
|  # of Operations  |  Total Execute Time   | Avg. Operation Time  |
|                   |   (in milliseconds)   |  (in milliseconds)   |
--------------------------------------------------------------------
|        10         |           0           |          0           |
--------------------------------------------------------------------
|        100        |           0           |          0           |
--------------------------------------------------------------------
|       1000        |           2           |        0.002         |
--------------------------------------------------------------------
|       10000       |          265          |        0.0265        |
--------------------------------------------------------------------
|      100000       |         22791         |       0.22791        |
--------------------------------------------------------------------

# REMOTE DELETIONS
--------------------------------------------------------------------
|  # of Operations  |  Total Execute Time   | Avg. Operation Time  |
|                   |   (in milliseconds)   |  (in milliseconds)   |
--------------------------------------------------------------------
|        10         |           0           |          0           |
--------------------------------------------------------------------
|        100        |           0           |          0           |
--------------------------------------------------------------------
|       1000        |           2           |        0.002         |
--------------------------------------------------------------------
|       10000       |          104          |        0.0104        |
--------------------------------------------------------------------
|      100000       |         20078         |       0.20078        |
--------------------------------------------------------------------


## AT THE END
-------------

# LOCAL INSERTIONS
---------------------------------------------------------------------------------------
|  # of Operations  |  Total Execute Time   | Avg. Operation Time  |  Avg. ID Length  |
|                   |   (in milliseconds)   |  (in milliseconds)   |                  |
---------------------------------------------------------------------------------------
|        10         |           0           |          0           |        1         |
---------------------------------------------------------------------------------------
|        100        |           0           |          0           |        2         |
---------------------------------------------------------------------------------------
|       1000        |           1           |        0.001         |        7         |
---------------------------------------------------------------------------------------
|       10000       |          19           |        0.0019        |        18        |
---------------------------------------------------------------------------------------
|      100000       |          507          |       0.00507        |        37        |
---------------------------------------------------------------------------------------

# LOCAL DELETIONS
--------------------------------------------------------------------
|  # of Operations  |  Total Execute Time   | Avg. Operation Time  |
|                   |   (in milliseconds)   |  (in milliseconds)   |
--------------------------------------------------------------------
|        10         |           0           |          0           |
--------------------------------------------------------------------
|        100        |           1           |         0.01         |
--------------------------------------------------------------------
|       1000        |           0           |          0           |
--------------------------------------------------------------------
|       10000       |           4           |        0.0004        |
--------------------------------------------------------------------
|      100000       |          33           |       0.00033        |
--------------------------------------------------------------------

# REMOTE INSERTIONS
--------------------------------------------------------------------
|  # of Operations  |  Total Execute Time   | Avg. Operation Time  |
|                   |   (in milliseconds)   |  (in milliseconds)   |
--------------------------------------------------------------------
|        10         |           0           |          0           |
--------------------------------------------------------------------
|        100        |           0           |          0           |
--------------------------------------------------------------------
|       1000        |          11           |        0.011         |
--------------------------------------------------------------------
|       10000       |          261          |        0.0261        |
--------------------------------------------------------------------
|      100000       |         17556         |       0.17556        |
--------------------------------------------------------------------

# REMOTE DELETIONS
--------------------------------------------------------------------
|  # of Operations  |  Total Execute Time   | Avg. Operation Time  |
|                   |   (in milliseconds)   |  (in milliseconds)   |
--------------------------------------------------------------------
|        10         |           0           |          0           |
--------------------------------------------------------------------
|        100        |           0           |          0           |
--------------------------------------------------------------------
|       1000        |           2           |        0.002         |
--------------------------------------------------------------------
|       10000       |          107          |        0.0107        |
--------------------------------------------------------------------
|      100000       |         10549         |       0.10549        |
--------------------------------------------------------------------
