
#### PERFORMANCE METRICS
======================================================================================

## RANDOM
---------

# LOCAL INSERTIONS
---------------------------------------------------------------------------------------
|  # of Operations  |  Total Execute Time   | Avg. Operation Time  |  Avg. ID Length  |
|                   |   (in milliseconds)   |  (in milliseconds)   |                  |
---------------------------------------------------------------------------------------
|        10         |           1           |         0.1          |        2         |
---------------------------------------------------------------------------------------
|        100        |           0           |          0           |        4         |
---------------------------------------------------------------------------------------
|       1000        |           6           |        0.006         |        6         |
---------------------------------------------------------------------------------------
|       10000       |          102          |        0.0102        |        9         |
---------------------------------------------------------------------------------------
|      100000       |         9747          |       0.09747        |        13        |
---------------------------------------------------------------------------------------

# LOCAL DELETIONS
--------------------------------------------------------------------
|  # of Operations  |  Total Execute Time   | Avg. Operation Time  |
|                   |   (in milliseconds)   |  (in milliseconds)   |
--------------------------------------------------------------------
|        10         |           0           |          0           |
--------------------------------------------------------------------
|        100        |           1           |         0.01         |
--------------------------------------------------------------------
|       1000        |           6           |        0.006         |
--------------------------------------------------------------------
|       10000       |          423          |        0.0423        |
--------------------------------------------------------------------
|      100000       |         17912         |       0.17912        |
--------------------------------------------------------------------

# REMOTE INSERTIONS
--------------------------------------------------------------------
|  # of Operations  |  Total Execute Time   | Avg. Operation Time  |
|                   |   (in milliseconds)   |  (in milliseconds)   |
--------------------------------------------------------------------
|        10         |           0           |          0           |
--------------------------------------------------------------------
|        100        |           0           |          0           |
--------------------------------------------------------------------
|       1000        |           6           |        0.006         |
--------------------------------------------------------------------
|       10000       |          255          |        0.0255        |
--------------------------------------------------------------------
|      100000       |         20191         |       0.20191        |
--------------------------------------------------------------------

# REMOTE DELETIONS
--------------------------------------------------------------------
|  # of Operations  |  Total Execute Time   | Avg. Operation Time  |
|                   |   (in milliseconds)   |  (in milliseconds)   |
--------------------------------------------------------------------
|        10         |           0           |          0           |
--------------------------------------------------------------------
|        100        |           0           |          0           |
--------------------------------------------------------------------
|       1000        |           7           |        0.007         |
--------------------------------------------------------------------
|       10000       |          460          |        0.046         |
--------------------------------------------------------------------
|      100000       |         18143         |       0.18143        |
--------------------------------------------------------------------


## AT THE BEGINNING
-------------------

# LOCAL INSERTIONS
---------------------------------------------------------------------------------------
|  # of Operations  |  Total Execute Time   | Avg. Operation Time  |  Avg. ID Length  |
|                   |   (in milliseconds)   |  (in milliseconds)   |                  |
---------------------------------------------------------------------------------------
|        10         |           0           |          0           |        2         |
---------------------------------------------------------------------------------------
|        100        |           0           |          0           |        6         |
---------------------------------------------------------------------------------------
|       1000        |           6           |        0.006         |        11        |
---------------------------------------------------------------------------------------
|       10000       |          292          |        0.0292        |        15        |
---------------------------------------------------------------------------------------
|      100000       |         20420         |        0.2042        |        19        |
---------------------------------------------------------------------------------------

# LOCAL DELETIONS
--------------------------------------------------------------------
|  # of Operations  |  Total Execute Time   | Avg. Operation Time  |
|                   |   (in milliseconds)   |  (in milliseconds)   |
--------------------------------------------------------------------
|        10         |           0           |          0           |
--------------------------------------------------------------------
|        100        |           0           |          0           |
--------------------------------------------------------------------
|       1000        |           1           |        0.001         |
--------------------------------------------------------------------
|       10000       |           5           |        0.0005        |
--------------------------------------------------------------------
|      100000       |         9926          |       0.09926        |
--------------------------------------------------------------------

# REMOTE INSERTIONS
--------------------------------------------------------------------
|  # of Operations  |  Total Execute Time   | Avg. Operation Time  |
|                   |   (in milliseconds)   |  (in milliseconds)   |
--------------------------------------------------------------------
|        10         |           0           |          0           |
--------------------------------------------------------------------
|        100        |           0           |          0           |
--------------------------------------------------------------------
|       1000        |           2           |        0.002         |
--------------------------------------------------------------------
|       10000       |          297          |        0.0297        |
--------------------------------------------------------------------
|      100000       |         24452         |       0.24452        |
--------------------------------------------------------------------

# REMOTE DELETIONS
--------------------------------------------------------------------
|  # of Operations  |  Total Execute Time   | Avg. Operation Time  |
|                   |   (in milliseconds)   |  (in milliseconds)   |
--------------------------------------------------------------------
|        10         |           0           |          0           |
--------------------------------------------------------------------
|        100        |           0           |          0           |
--------------------------------------------------------------------
|       1000        |           2           |        0.002         |
--------------------------------------------------------------------
|       10000       |          84           |        0.0084        |
--------------------------------------------------------------------
|      100000       |         20669         |       0.20669        |
--------------------------------------------------------------------


## AT THE END
-------------

# LOCAL INSERTIONS
---------------------------------------------------------------------------------------
|  # of Operations  |  Total Execute Time   | Avg. Operation Time  |  Avg. ID Length  |
|                   |   (in milliseconds)   |  (in milliseconds)   |                  |
---------------------------------------------------------------------------------------
|        10         |           0           |          0           |        4         |
---------------------------------------------------------------------------------------
|        100        |           0           |          0           |        11        |
---------------------------------------------------------------------------------------
|       1000        |           3           |        0.003         |        23        |
---------------------------------------------------------------------------------------
|       10000       |          75           |        0.0075        |        40        |
---------------------------------------------------------------------------------------
|      100000       |          938          |       0.00938        |        59        |
---------------------------------------------------------------------------------------

# LOCAL DELETIONS
--------------------------------------------------------------------
|  # of Operations  |  Total Execute Time   | Avg. Operation Time  |
|                   |   (in milliseconds)   |  (in milliseconds)   |
--------------------------------------------------------------------
|        10         |           0           |          0           |
--------------------------------------------------------------------
|        100        |           0           |          0           |
--------------------------------------------------------------------
|       1000        |           1           |        0.001         |
--------------------------------------------------------------------
|       10000       |           4           |        0.0004        |
--------------------------------------------------------------------
|      100000       |          45           |       0.00045        |
--------------------------------------------------------------------

# REMOTE INSERTIONS
--------------------------------------------------------------------
|  # of Operations  |  Total Execute Time   | Avg. Operation Time  |
|                   |   (in milliseconds)   |  (in milliseconds)   |
--------------------------------------------------------------------
|        10         |           0           |          0           |
--------------------------------------------------------------------
|        100        |           0           |          0           |
--------------------------------------------------------------------
|       1000        |           1           |        0.001         |
--------------------------------------------------------------------
|       10000       |          246          |        0.0246        |
--------------------------------------------------------------------
|      100000       |         19602         |       0.19602        |
--------------------------------------------------------------------

# REMOTE DELETIONS
--------------------------------------------------------------------
|  # of Operations  |  Total Execute Time   | Avg. Operation Time  |
|                   |   (in milliseconds)   |  (in milliseconds)   |
--------------------------------------------------------------------
|        10         |           0           |          0           |
--------------------------------------------------------------------
|        100        |           0           |          0           |
--------------------------------------------------------------------
|       1000        |           2           |        0.002         |
--------------------------------------------------------------------
|       10000       |          125          |        0.0125        |
--------------------------------------------------------------------
|      100000       |         11879         |       0.11879        |
--------------------------------------------------------------------
