
#### PERFORMANCE METRICS
======================================================================================

## RANDOM
---------

# LOCAL INSERTIONS
---------------------------------------------------------------------------------------
|  # of Operations  |  Total Execute Time   | Avg. Operation Time  |  Avg. ID Length  |
|                   |   (in milliseconds)   |  (in milliseconds)   |                  |
---------------------------------------------------------------------------------------
|        10         |           1           |         0.1          |        2         |
---------------------------------------------------------------------------------------
|        100        |           0           |          0           |        5         |
---------------------------------------------------------------------------------------
|       1000        |           4           |        0.004         |        7         |
---------------------------------------------------------------------------------------
|       10000       |          77           |        0.0077        |        8         |
---------------------------------------------------------------------------------------
|      100000       |         13553         |       0.13553        |        12        |
---------------------------------------------------------------------------------------

# LOCAL DELETIONS
--------------------------------------------------------------------
|  # of Operations  |  Total Execute Time   | Avg. Operation Time  |
|                   |   (in milliseconds)   |  (in milliseconds)   |
--------------------------------------------------------------------
|        10         |           0           |          0           |
--------------------------------------------------------------------
|        100        |           0           |          0           |
--------------------------------------------------------------------
|       1000        |           2           |        0.002         |
--------------------------------------------------------------------
|       10000       |          330          |        0.033         |
--------------------------------------------------------------------
|      100000       |         16346         |       0.16346        |
--------------------------------------------------------------------

# REMOTE INSERTIONS
--------------------------------------------------------------------
|  # of Operations  |  Total Execute Time   | Avg. Operation Time  |
|                   |   (in milliseconds)   |  (in milliseconds)   |
--------------------------------------------------------------------
|        10         |           1           |         0.1          |
--------------------------------------------------------------------
|        100        |           0           |          0           |
--------------------------------------------------------------------
|       1000        |           5           |        0.005         |
--------------------------------------------------------------------
|       10000       |          269          |        0.0269        |
--------------------------------------------------------------------
|      100000       |         18786         |       0.18786        |
--------------------------------------------------------------------

# REMOTE DELETIONS
--------------------------------------------------------------------
|  # of Operations  |  Total Execute Time   | Avg. Operation Time  |
|                   |   (in milliseconds)   |  (in milliseconds)   |
--------------------------------------------------------------------
|        10         |           1           |         0.1          |
--------------------------------------------------------------------
|        100        |           0           |          0           |
--------------------------------------------------------------------
|       1000        |           9           |        0.009         |
--------------------------------------------------------------------
|       10000       |          462          |        0.0462        |
--------------------------------------------------------------------
|      100000       |         16430         |        0.1643        |
--------------------------------------------------------------------


## AT THE BEGINNING
-------------------

# LOCAL INSERTIONS
---------------------------------------------------------------------------------------
|  # of Operations  |  Total Execute Time   | Avg. Operation Time  |  Avg. ID Length  |
|                   |   (in milliseconds)   |  (in milliseconds)   |                  |
---------------------------------------------------------------------------------------
|        10         |           0           |          0           |        2         |
---------------------------------------------------------------------------------------
|        100        |           1           |         0.01         |        6         |
---------------------------------------------------------------------------------------
|       1000        |           6           |        0.006         |        12        |
---------------------------------------------------------------------------------------
|       10000       |          320          |        0.032         |        17        |
---------------------------------------------------------------------------------------
|      100000       |         20835         |       0.20835        |        21        |
---------------------------------------------------------------------------------------

# LOCAL DELETIONS
--------------------------------------------------------------------
|  # of Operations  |  Total Execute Time   | Avg. Operation Time  |
|                   |   (in milliseconds)   |  (in milliseconds)   |
--------------------------------------------------------------------
|        10         |           0           |          0           |
--------------------------------------------------------------------
|        100        |           0           |          0           |
--------------------------------------------------------------------
|       1000        |           0           |          0           |
--------------------------------------------------------------------
|       10000       |           5           |        0.0005        |
--------------------------------------------------------------------
|      100000       |         10350         |        0.1035        |
--------------------------------------------------------------------

# REMOTE INSERTIONS
--------------------------------------------------------------------
|  # of Operations  |  Total Execute Time   | Avg. Operation Time  |
|                   |   (in milliseconds)   |  (in milliseconds)   |
--------------------------------------------------------------------
|        10         |           0           |          0           |
--------------------------------------------------------------------
|        100        |           0           |          0           |
--------------------------------------------------------------------
|       1000        |           2           |        0.002         |
--------------------------------------------------------------------
|       10000       |          306          |        0.0306        |
--------------------------------------------------------------------
|      100000       |         22810         |        0.2281        |
--------------------------------------------------------------------

# REMOTE DELETIONS
--------------------------------------------------------------------
|  # of Operations  |  Total Execute Time   | Avg. Operation Time  |
|                   |   (in milliseconds)   |  (in milliseconds)   |
--------------------------------------------------------------------
|        10         |           0           |          0           |
--------------------------------------------------------------------
|        100        |           0           |          0           |
--------------------------------------------------------------------
|       1000        |           2           |        0.002         |
--------------------------------------------------------------------
|       10000       |          27           |        0.0027        |
--------------------------------------------------------------------
|      100000       |         15356         |       0.15356        |
--------------------------------------------------------------------


## AT THE END
-------------

# LOCAL INSERTIONS
---------------------------------------------------------------------------------------
|  # of Operations  |  Total Execute Time   | Avg. Operation Time  |  Avg. ID Length  |
|                   |   (in milliseconds)   |  (in milliseconds)   |                  |
---------------------------------------------------------------------------------------
|        10         |           0           |          0           |        4         |
---------------------------------------------------------------------------------------
|        100        |           1           |         0.01         |        17        |
---------------------------------------------------------------------------------------
|       1000        |           4           |        0.004         |        34        |
---------------------------------------------------------------------------------------
|       10000       |          72           |        0.0072        |        54        |
---------------------------------------------------------------------------------------
|      100000       |          969          |       0.00969        |        78        |
---------------------------------------------------------------------------------------

# LOCAL DELETIONS
--------------------------------------------------------------------
|  # of Operations  |  Total Execute Time   | Avg. Operation Time  |
|                   |   (in milliseconds)   |  (in milliseconds)   |
--------------------------------------------------------------------
|        10         |           0           |          0           |
--------------------------------------------------------------------
|        100        |           0           |          0           |
--------------------------------------------------------------------
|       1000        |           0           |          0           |
--------------------------------------------------------------------
|       10000       |           4           |        0.0004        |
--------------------------------------------------------------------
|      100000       |          46           |       0.00046        |
--------------------------------------------------------------------

# REMOTE INSERTIONS
--------------------------------------------------------------------
|  # of Operations  |  Total Execute Time   | Avg. Operation Time  |
|                   |   (in milliseconds)   |  (in milliseconds)   |
--------------------------------------------------------------------
|        10         |           0           |          0           |
--------------------------------------------------------------------
|        100        |           0           |          0           |
--------------------------------------------------------------------
|       1000        |           3           |        0.003         |
--------------------------------------------------------------------
|       10000       |          258          |        0.0258        |
--------------------------------------------------------------------
|      100000       |         18757         |       0.18757        |
--------------------------------------------------------------------

# REMOTE DELETIONS
--------------------------------------------------------------------
|  # of Operations  |  Total Execute Time   | Avg. Operation Time  |
|                   |   (in milliseconds)   |  (in milliseconds)   |
--------------------------------------------------------------------
|        10         |           0           |          0           |
--------------------------------------------------------------------
|        100        |           0           |          0           |
--------------------------------------------------------------------
|       1000        |           1           |        0.001         |
--------------------------------------------------------------------
|       10000       |          62           |        0.0062        |
--------------------------------------------------------------------
|      100000       |         7148          |       0.07148        |
--------------------------------------------------------------------
