
#### PERFORMANCE METRICS
======================================================================================

## RANDOM
---------

# LOCAL INSERTIONS
---------------------------------------------------------------------------------------
|  # of Operations  |  Total Execute Time   | Avg. Operation Time  |  Avg. ID Length  |
|                   |   (in milliseconds)   |  (in milliseconds)   |                  |
---------------------------------------------------------------------------------------
|        10         |           1           |         0.1          |        3         |
---------------------------------------------------------------------------------------
|        100        |           0           |          0           |        5         |
---------------------------------------------------------------------------------------
|       1000        |           5           |        0.005         |        7         |
---------------------------------------------------------------------------------------
|       10000       |          56           |        0.0056        |        11        |
---------------------------------------------------------------------------------------
|      100000       |         14279         |       0.14279        |        15        |
---------------------------------------------------------------------------------------

# LOCAL DELETIONS
--------------------------------------------------------------------
|  # of Operations  |  Total Execute Time   | Avg. Operation Time  |
|                   |   (in milliseconds)   |  (in milliseconds)   |
--------------------------------------------------------------------
|        10         |           0           |          0           |
--------------------------------------------------------------------
|        100        |           0           |          0           |
--------------------------------------------------------------------
|       1000        |           5           |        0.005         |
--------------------------------------------------------------------
|       10000       |          446          |        0.0446        |
--------------------------------------------------------------------
|      100000       |         6640          |        0.0664        |
--------------------------------------------------------------------

# REMOTE INSERTIONS
--------------------------------------------------------------------
|  # of Operations  |  Total Execute Time   | Avg. Operation Time  |
|                   |   (in milliseconds)   |  (in milliseconds)   |
--------------------------------------------------------------------
|        10         |           0           |          0           |
--------------------------------------------------------------------
|        100        |           0           |          0           |
--------------------------------------------------------------------
|       1000        |           6           |        0.006         |
--------------------------------------------------------------------
|       10000       |          40           |        0.004         |
--------------------------------------------------------------------
|      100000       |         9498          |       0.09498        |
--------------------------------------------------------------------

# REMOTE DELETIONS
--------------------------------------------------------------------
|  # of Operations  |  Total Execute Time   | Avg. Operation Time  |
|                   |   (in milliseconds)   |  (in milliseconds)   |
--------------------------------------------------------------------
|        10         |           0           |          0           |
--------------------------------------------------------------------
|        100        |           1           |         0.01         |
--------------------------------------------------------------------
|       1000        |           7           |        0.007         |
--------------------------------------------------------------------
|       10000       |          453          |        0.0453        |
--------------------------------------------------------------------
|      100000       |         6646          |       0.06646        |
--------------------------------------------------------------------


## AT THE BEGINNING
-------------------

# LOCAL INSERTIONS
---------------------------------------------------------------------------------------
|  # of Operations  |  Total Execute Time   | Avg. Operation Time  |  Avg. ID Length  |
|                   |   (in milliseconds)   |  (in milliseconds)   |                  |
---------------------------------------------------------------------------------------
|        10         |           0           |          0           |        2         |
---------------------------------------------------------------------------------------
|        100        |           1           |         0.01         |        5         |
---------------------------------------------------------------------------------------
|       1000        |           6           |        0.006         |        9         |
---------------------------------------------------------------------------------------
|       10000       |          280          |        0.028         |        14        |
---------------------------------------------------------------------------------------
|      100000       |         20890         |        0.2089        |        18        |
---------------------------------------------------------------------------------------

# LOCAL DELETIONS
--------------------------------------------------------------------
|  # of Operations  |  Total Execute Time   | Avg. Operation Time  |
|                   |   (in milliseconds)   |  (in milliseconds)   |
--------------------------------------------------------------------
|        10         |           0           |          0           |
--------------------------------------------------------------------
|        100        |           0           |          0           |
--------------------------------------------------------------------
|       1000        |           0           |          0           |
--------------------------------------------------------------------
|       10000       |           4           |        0.0004        |
--------------------------------------------------------------------
|      100000       |         10010         |        0.1001        |
--------------------------------------------------------------------

# REMOTE INSERTIONS
--------------------------------------------------------------------
|  # of Operations  |  Total Execute Time   | Avg. Operation Time  |
|                   |   (in milliseconds)   |  (in milliseconds)   |
--------------------------------------------------------------------
|        10         |           0           |          0           |
--------------------------------------------------------------------
|        100        |           0           |          0           |
--------------------------------------------------------------------
|       1000        |           1           |        0.001         |
--------------------------------------------------------------------
|       10000       |          26           |        0.0026        |
--------------------------------------------------------------------
|      100000       |         20145         |       0.20145        |
--------------------------------------------------------------------

# REMOTE DELETIONS
--------------------------------------------------------------------
|  # of Operations  |  Total Execute Time   | Avg. Operation Time  |
|                   |   (in milliseconds)   |  (in milliseconds)   |
--------------------------------------------------------------------
|        10         |           0           |          0           |
--------------------------------------------------------------------
|        100        |           0           |          0           |
--------------------------------------------------------------------
|       1000        |           1           |        0.001         |
--------------------------------------------------------------------
|       10000       |          19           |        0.0019        |
--------------------------------------------------------------------
|      100000       |         23844         |       0.23844        |
--------------------------------------------------------------------


## AT THE END
-------------

# LOCAL INSERTIONS
---------------------------------------------------------------------------------------
|  # of Operations  |  Total Execute Time   | Avg. Operation Time  |  Avg. ID Length  |
|                   |   (in milliseconds)   |  (in milliseconds)   |                  |
---------------------------------------------------------------------------------------
|        10         |           0           |          0           |        3         |
---------------------------------------------------------------------------------------
|        100        |           1           |         0.01         |        9         |
---------------------------------------------------------------------------------------
|       1000        |          26           |        0.026         |        21        |
---------------------------------------------------------------------------------------
|       10000       |          252          |        0.0252        |        35        |
---------------------------------------------------------------------------------------
|      100000       |          959          |       0.00959        |        53        |
---------------------------------------------------------------------------------------

# LOCAL DELETIONS
--------------------------------------------------------------------
|  # of Operations  |  Total Execute Time   | Avg. Operation Time  |
|                   |   (in milliseconds)   |  (in milliseconds)   |
--------------------------------------------------------------------
|        10         |           0           |          0           |
--------------------------------------------------------------------
|        100        |           0           |          0           |
--------------------------------------------------------------------
|       1000        |           0           |          0           |
--------------------------------------------------------------------
|       10000       |           3           |        0.0003        |
--------------------------------------------------------------------
|      100000       |          35           |       0.00035        |
--------------------------------------------------------------------

# REMOTE INSERTIONS
--------------------------------------------------------------------
|  # of Operations  |  Total Execute Time   | Avg. Operation Time  |
|                   |   (in milliseconds)   |  (in milliseconds)   |
--------------------------------------------------------------------
|        10         |           0           |          0           |
--------------------------------------------------------------------
|        100        |           0           |          0           |
--------------------------------------------------------------------
|       1000        |           1           |        0.001         |
--------------------------------------------------------------------
|       10000       |          20           |        0.002         |
--------------------------------------------------------------------
|      100000       |         12829         |       0.12829        |
--------------------------------------------------------------------

# REMOTE DELETIONS
--------------------------------------------------------------------
|  # of Operations  |  Total Execute Time   | Avg. Operation Time  |
|                   |   (in milliseconds)   |  (in milliseconds)   |
--------------------------------------------------------------------
|        10         |           0           |          0           |
--------------------------------------------------------------------
|        100        |           0           |          0           |
--------------------------------------------------------------------
|       1000        |           2           |        0.002         |
--------------------------------------------------------------------
|       10000       |          26           |        0.0026        |
--------------------------------------------------------------------
|      100000       |          344          |       0.00344        |
--------------------------------------------------------------------
