
#### PERFORMANCE METRICS
======================================================================================

## RANDOM
---------

# LOCAL INSERTIONS
---------------------------------------------------------------------------------------
|  # of Operations  |  Total Execute Time   | Avg. Operation Time  |  Avg. ID Length  |
|                   |   (in milliseconds)   |  (in milliseconds)   |                  |
---------------------------------------------------------------------------------------
|        10         |           1           |         0.1          |        2         |
---------------------------------------------------------------------------------------
|        100        |           1           |         0.01         |        4         |
---------------------------------------------------------------------------------------
|       1000        |           7           |        0.007         |        7         |
---------------------------------------------------------------------------------------
|       10000       |          98           |        0.0098        |        8         |
---------------------------------------------------------------------------------------
|      100000       |         13649         |       0.13649        |        13        |
---------------------------------------------------------------------------------------

# LOCAL DELETIONS
--------------------------------------------------------------------
|  # of Operations  |  Total Execute Time   | Avg. Operation Time  |
|                   |   (in milliseconds)   |  (in milliseconds)   |
--------------------------------------------------------------------
|        10         |           1           |         0.1          |
--------------------------------------------------------------------
|        100        |           0           |          0           |
--------------------------------------------------------------------
|       1000        |           2           |        0.002         |
--------------------------------------------------------------------
|       10000       |          356          |        0.0356        |
--------------------------------------------------------------------
|      100000       |         16387         |       0.16387        |
--------------------------------------------------------------------

# REMOTE INSERTIONS
--------------------------------------------------------------------
|  # of Operations  |  Total Execute Time   | Avg. Operation Time  |
|                   |   (in milliseconds)   |  (in milliseconds)   |
--------------------------------------------------------------------
|        10         |           0           |          0           |
--------------------------------------------------------------------
|        100        |           0           |          0           |
--------------------------------------------------------------------
|       1000        |           5           |        0.005         |
--------------------------------------------------------------------
|       10000       |          247          |        0.0247        |
--------------------------------------------------------------------
|      100000       |         18342         |       0.18342        |
--------------------------------------------------------------------

# REMOTE DELETIONS
--------------------------------------------------------------------
|  # of Operations  |  Total Execute Time   | Avg. Operation Time  |
|                   |   (in milliseconds)   |  (in milliseconds)   |
--------------------------------------------------------------------
|        10         |           0           |          0           |
--------------------------------------------------------------------
|        100        |           1           |         0.01         |
--------------------------------------------------------------------
|       1000        |           8           |        0.008         |
--------------------------------------------------------------------
|       10000       |          430          |        0.043         |
--------------------------------------------------------------------
|      100000       |         15680         |        0.1568        |
--------------------------------------------------------------------


## AT THE BEGINNING
-------------------

# LOCAL INSERTIONS
---------------------------------------------------------------------------------------
|  # of Operations  |  Total Execute Time   | Avg. Operation Time  |  Avg. ID Length  |
|                   |   (in milliseconds)   |  (in milliseconds)   |                  |
---------------------------------------------------------------------------------------
|        10         |           0           |          0           |        2         |
---------------------------------------------------------------------------------------
|        100        |           1           |         0.01         |        6         |
---------------------------------------------------------------------------------------
|       1000        |           7           |        0.007         |        11        |
---------------------------------------------------------------------------------------
|       10000       |          282          |        0.0282        |        15        |
---------------------------------------------------------------------------------------
|      100000       |         20932         |       0.20932        |        19        |
---------------------------------------------------------------------------------------

# LOCAL DELETIONS
--------------------------------------------------------------------
|  # of Operations  |  Total Execute Time   | Avg. Operation Time  |
|                   |   (in milliseconds)   |  (in milliseconds)   |
--------------------------------------------------------------------
|        10         |           0           |          0           |
--------------------------------------------------------------------
|        100        |           0           |          0           |
--------------------------------------------------------------------
|       1000        |           1           |        0.001         |
--------------------------------------------------------------------
|       10000       |           5           |        0.0005        |
--------------------------------------------------------------------
|      100000       |         9714          |       0.09714        |
--------------------------------------------------------------------

# REMOTE INSERTIONS
--------------------------------------------------------------------
|  # of Operations  |  Total Execute Time   | Avg. Operation Time  |
|                   |   (in milliseconds)   |  (in milliseconds)   |
--------------------------------------------------------------------
|        10         |           0           |          0           |
--------------------------------------------------------------------
|        100        |           0           |          0           |
--------------------------------------------------------------------
|       1000        |           2           |        0.002         |
--------------------------------------------------------------------
|       10000       |          263          |        0.0263        |
--------------------------------------------------------------------
|      100000       |         22405         |       0.22405        |
--------------------------------------------------------------------

# REMOTE DELETIONS
--------------------------------------------------------------------
|  # of Operations  |  Total Execute Time   | Avg. Operation Time  |
|                   |   (in milliseconds)   |  (in milliseconds)   |
--------------------------------------------------------------------
|        10         |           0           |          0           |
--------------------------------------------------------------------
|        100        |           0           |          0           |
--------------------------------------------------------------------
|       1000        |           2           |        0.002         |
--------------------------------------------------------------------
|       10000       |          102          |        0.0102        |
--------------------------------------------------------------------
|      100000       |         19929         |       0.19929        |
--------------------------------------------------------------------


## AT THE END
-------------

# LOCAL INSERTIONS
---------------------------------------------------------------------------------------
|  # of Operations  |  Total Execute Time   | Avg. Operation Time  |  Avg. ID Length  |
|                   |   (in milliseconds)   |  (in milliseconds)   |                  |
---------------------------------------------------------------------------------------
|        10         |           0           |          0           |        2         |
---------------------------------------------------------------------------------------
|        100        |           0           |          0           |        8         |
---------------------------------------------------------------------------------------
|       1000        |           2           |        0.002         |        18        |
---------------------------------------------------------------------------------------
|       10000       |          58           |        0.0058        |        32        |
---------------------------------------------------------------------------------------
|      100000       |          818          |       0.00818        |        51        |
---------------------------------------------------------------------------------------

# LOCAL DELETIONS
--------------------------------------------------------------------
|  # of Operations  |  Total Execute Time   | Avg. Operation Time  |
|                   |   (in milliseconds)   |  (in milliseconds)   |
--------------------------------------------------------------------
|        10         |           0           |          0           |
--------------------------------------------------------------------
|        100        |           0           |          0           |
--------------------------------------------------------------------
|       1000        |           0           |          0           |
--------------------------------------------------------------------
|       10000       |           4           |        0.0004        |
--------------------------------------------------------------------
|      100000       |          45           |       0.00045        |
--------------------------------------------------------------------

# REMOTE INSERTIONS
--------------------------------------------------------------------
|  # of Operations  |  Total Execute Time   | Avg. Operation Time  |
|                   |   (in milliseconds)   |  (in milliseconds)   |
--------------------------------------------------------------------
|        10         |           0           |          0           |
--------------------------------------------------------------------
|        100        |           1           |         0.01         |
--------------------------------------------------------------------
|       1000        |           3           |        0.003         |
--------------------------------------------------------------------
|       10000       |          256          |        0.0256        |
--------------------------------------------------------------------
|      100000       |         17856         |       0.17856        |
--------------------------------------------------------------------

# REMOTE DELETIONS
--------------------------------------------------------------------
|  # of Operations  |  Total Execute Time   | Avg. Operation Time  |
|                   |   (in milliseconds)   |  (in milliseconds)   |
--------------------------------------------------------------------
|        10         |           0           |          0           |
--------------------------------------------------------------------
|        100        |           0           |          0           |
--------------------------------------------------------------------
|       1000        |           2           |        0.002         |
--------------------------------------------------------------------
|       10000       |          120          |        0.012         |
--------------------------------------------------------------------
|      100000       |         11523         |       0.11523        |
--------------------------------------------------------------------
