
#### PERFORMANCE METRICS
Base: 3200 | Boundary: 30 | Strategy: every3rd
================================================================================================

## RANDOM
---------

# LOCAL INSERTIONS
-----------------------------------------------------------------------------------------------
| # of Operations | Total Execute Time | Avg. Operation Time | Avg. ID Length | Avg. Position |
|                 |  (in milliseconds) |  (in milliseconds)  |                |    Length     |
-----------------------------------------------------------------------------------------------

|       10        |         1          |         0.1         |       1        |       1       |
-----------------------------------------------------------------------------------------------
|       100       |         0          |          0          |       3        |       2       |
-----------------------------------------------------------------------------------------------
|      1000       |         5          |        0.005        |       6        |       3       |
-----------------------------------------------------------------------------------------------
|      10000      |         55         |       0.0055        |       8        |       4       |
-----------------------------------------------------------------------------------------------

# LOCAL DELETIONS
--------------------------------------------------------------
| # of Operations | Total Execute Time | Avg. Operation Time |
|                 |  (in milliseconds) |  (in milliseconds)  |
--------------------------------------------------------------
|       10        |         0          |          0          |
--------------------------------------------------------------
|       100       |         0          |          0          |
--------------------------------------------------------------
|      1000       |         1          |        0.001        |
--------------------------------------------------------------
|      10000      |         13         |       0.0013        |
--------------------------------------------------------------

# REMOTE INSERTIONS
--------------------------------------------------------------
| # of Operations | Total Execute Time | Avg. Operation Time |
|                 |  (in milliseconds) |  (in milliseconds)  |
--------------------------------------------------------------
|       10        |         0          |          0          |
--------------------------------------------------------------
|       100       |         1          |        0.01         |
--------------------------------------------------------------
|      1000       |         6          |        0.006        |
--------------------------------------------------------------
|      10000      |         28         |       0.0028        |
--------------------------------------------------------------

# REMOTE DELETIONS
--------------------------------------------------------------
| # of Operations | Total Execute Time | Avg. Operation Time |
|                 |  (in milliseconds) |  (in milliseconds)  |
--------------------------------------------------------------
|       10        |         0          |          0          |
--------------------------------------------------------------
|       100       |         1          |        0.01         |
--------------------------------------------------------------
|      1000       |         2          |        0.002        |
--------------------------------------------------------------
|      10000      |         27         |       0.0027        |
--------------------------------------------------------------


## AT THE BEGINNING
-------------------

# LOCAL INSERTIONS
-----------------------------------------------------------------------------------------------
| # of Operations | Total Execute Time | Avg. Operation Time | Avg. ID Length | Avg. Position |
|                 |  (in milliseconds) |  (in milliseconds)  |                |    Length     |
-----------------------------------------------------------------------------------------------
|       10        |         0          |          0          |       2        |       1       |
-----------------------------------------------------------------------------------------------
|       100       |         0          |          0          |       5        |       2       |
-----------------------------------------------------------------------------------------------
|      1000       |         3          |        0.003        |       11       |       8       |
-----------------------------------------------------------------------------------------------
|      10000      |        642         |       0.0642        |       72       |      69       |
-----------------------------------------------------------------------------------------------

# LOCAL DELETIONS
--------------------------------------------------------------
| # of Operations | Total Execute Time | Avg. Operation Time |
|                 |  (in milliseconds) |  (in milliseconds)  |
--------------------------------------------------------------
|       10        |         0          |          0          |
--------------------------------------------------------------
|       100       |         0          |          0          |
--------------------------------------------------------------
|      1000       |         1          |        0.001        |
--------------------------------------------------------------
|      10000      |         3          |       0.0003        |
--------------------------------------------------------------

# REMOTE INSERTIONS
--------------------------------------------------------------
| # of Operations | Total Execute Time | Avg. Operation Time |
|                 |  (in milliseconds) |  (in milliseconds)  |
--------------------------------------------------------------
|       10        |         0          |          0          |
--------------------------------------------------------------
|       100       |         0          |          0          |
--------------------------------------------------------------
|      1000       |         1          |        0.001        |
--------------------------------------------------------------
|      10000      |         24         |       0.0024        |
--------------------------------------------------------------

# REMOTE DELETIONS
--------------------------------------------------------------
| # of Operations | Total Execute Time | Avg. Operation Time |
|                 |  (in milliseconds) |  (in milliseconds)  |
--------------------------------------------------------------
|       10        |         0          |          0          |
--------------------------------------------------------------
|       100       |         0          |          0          |
--------------------------------------------------------------
|      1000       |         2          |        0.002        |
--------------------------------------------------------------
|      10000      |         16         |       0.0016        |
--------------------------------------------------------------


## AT THE END
-------------

# LOCAL INSERTIONS
-----------------------------------------------------------------------------------------------
| # of Operations | Total Execute Time | Avg. Operation Time | Avg. ID Length | Avg. Position |
|                 |  (in milliseconds) |  (in milliseconds)  |                |    Length     |
-----------------------------------------------------------------------------------------------
|       10        |         0          |          0          |       2        |       1       |
-----------------------------------------------------------------------------------------------
|       100       |         0          |          0          |       3        |       1       |
-----------------------------------------------------------------------------------------------
|      1000       |         1          |        0.001        |       14       |       3       |
-----------------------------------------------------------------------------------------------
|      10000      |        153         |       0.0153        |      141       |      35       |
-----------------------------------------------------------------------------------------------

# LOCAL DELETIONS
--------------------------------------------------------------
| # of Operations | Total Execute Time | Avg. Operation Time |
|                 |  (in milliseconds) |  (in milliseconds)  |
--------------------------------------------------------------
|       10        |         1          |         0.1         |
--------------------------------------------------------------
|       100       |         0          |          0          |
--------------------------------------------------------------
|      1000       |         0          |          0          |
--------------------------------------------------------------
|      10000      |         2          |       0.0002        |
--------------------------------------------------------------

# REMOTE INSERTIONS
--------------------------------------------------------------
| # of Operations | Total Execute Time | Avg. Operation Time |
|                 |  (in milliseconds) |  (in milliseconds)  |
--------------------------------------------------------------
|       10        |         0          |          0          |
--------------------------------------------------------------
|       100       |         0          |          0          |
--------------------------------------------------------------
|      1000       |         0          |          0          |
--------------------------------------------------------------
|      10000      |         15         |       0.0015        |
--------------------------------------------------------------

# REMOTE DELETIONS
--------------------------------------------------------------
| # of Operations | Total Execute Time | Avg. Operation Time |
|                 |  (in milliseconds) |  (in milliseconds)  |
--------------------------------------------------------------
|       10        |         0          |          0          |
--------------------------------------------------------------
|       100       |         0          |          0          |
--------------------------------------------------------------
|      1000       |         1          |        0.001        |
--------------------------------------------------------------
|      10000      |         23         |       0.0023        |
--------------------------------------------------------------
